nohup: ignoring input
 * Serving Flask app 'main'
 * Debug mode: off
WARNING: This is a development server. Do not use it in a production deployment. Use a production WSGI server instead.
 * Running on all addresses (0.0.0.0)
 * Running on http://127.0.0.1:8080
 * Running on http://134.209.80.233:8080
Press CTRL+C to quit
2026-03-27 20:29:10 [DEBUG] agent.cmo: Agent initialized: cmo
2026-03-27 20:29:10 [DEBUG] memory.manager: MemoryManager initialized (namespace=cmo)
2026-03-27 20:29:10 [DEBUG] agent.content: Agent initialized: content
2026-03-27 20:29:10 [DEBUG] memory.manager: MemoryManager initialized (namespace=content)
2026-03-27 20:29:10 [DEBUG] agent.sales: Agent initialized: sales
2026-03-27 20:29:10 [DEBUG] memory.manager: MemoryManager initialized (namespace=sales)
2026-03-27 20:29:10 [DEBUG] agent.research: Agent initialized: research
2026-03-27 20:29:10 [DEBUG] memory.manager: MemoryManager initialized (namespace=research)
2026-03-27 20:29:10 [DEBUG] agent.email: Agent initialized: email
2026-03-27 20:29:10 [DEBUG] memory.manager: MemoryManager initialized (namespace=email)
2026-03-27 20:29:10 [DEBUG] agent.linkedin: Agent initialized: linkedin
2026-03-27 20:29:10 [DEBUG] memory.manager: MemoryManager initialized (namespace=linkedin)
2026-03-27 20:29:10 [DEBUG] agent.canva: Agent initialized: canva
2026-03-27 20:29:10 [DEBUG] memory.manager: MemoryManager initialized (namespace=canva_tokens)
2026-03-27 20:29:10 [DEBUG] memory.manager: MemoryManager initialized (namespace=canva_designs)
2026-03-27 20:29:10 [DEBUG] orchestrator: Orchestrator initialized with agents: ['cmo', 'content', 'sales', 'research', 'email', 'linkedin', 'canva']
2026-03-27 20:29:10 [DEBUG] memory.manager: MemoryManager initialized (namespace=funnel)
2026-03-27 20:29:10 [DEBUG] interfaces.telegram.handler: TelegramHandler initialized
✅ Telegram bot başlatıldı!
2026-03-27 20:29:10 [DEBUG] interfaces.telegram.handler: Incoming message [chat_id=812914122]: merhaba
2026-03-27 20:29:10 [DEBUG] orchestrator: Routing request to [cmo] (chat_id=812914122): merhaba
2026-03-27 20:29:10 [DEBUG] agent.cmo: Processing task: merhaba
2026-03-27 20:29:10 [DEBUG] memory.manager: Saved: u812914122:cmo:last_task
2026-03-27 20:29:10 [DEBUG] memory.manager: MemoryManager initialized (namespace=funnel)
2026-03-27 20:29:26 [DEBUG] memory.manager: Saved: u812914122:cmo:last_response
149.86.227.60 - - [27/Mar/2026 20:31:06] "GET / HTTP/1.1" 200 -
